<?xml version="1.0" encoding="UTF-8"?>
<!-- Generated by org.testng.reporters.JUnitReportReporter -->
<testsuite hostname="DESKTOP-J0A5UGV" failures="0" tests="2" name="com.swaglab.test.overViewTest" time="1.761" errors="0" timestamp="2024-02-21T17:14:11 IST" skipped="0">
  <testcase classname="com.swaglab.test.overViewTest" name="VerifyoverviewCancle" time="1.355"/>
  <system-out/>
  <testcase classname="com.swaglab.test.overViewTest" name="VerifyFinish" time="0.406"/>
  <system-out/>
</testsuite> <!-- com.swaglab.test.overViewTest -->
