<?xml version="1.0" encoding="UTF-8"?>
<!-- Generated by org.testng.reporters.JUnitReportReporter -->
<testsuite hostname="DESKTOP-J0A5UGV" failures="0" tests="4" name="com.swaglab.test.CartTest" time="0.562" errors="0" timestamp="2024-02-12T00:46:59 IST" skipped="0">
  <testcase classname="com.swaglab.test.CartTest" name="verifyCartBut" time="0.070"/>
  <system-out/>
  <testcase classname="com.swaglab.test.CartTest" name="verifyRemove" time="0.060"/>
  <system-out/>
  <testcase classname="com.swaglab.test.CartTest" name="verifyContiune" time="0.360"/>
  <system-out/>
  <testcase classname="com.swaglab.test.CartTest" name="verifyCheckout" time="0.072"/>
  <system-out/>
</testsuite> <!-- com.swaglab.test.CartTest -->
