<?xml version="1.0" encoding="UTF-8"?>
<!-- Generated by org.testng.reporters.JUnitReportReporter -->
<testsuite hostname="DESKTOP-J0A5UGV" failures="0" tests="2" name="com.swaglab.test.inventoryTest" time="0.323" errors="0" timestamp="2024-02-10T20:34:11 IST" skipped="0">
  <testcase classname="com.swaglab.test.inventoryTest" name="verifyaddToCart" time="0.255"/>
  <system-out/>
  <testcase classname="com.swaglab.test.inventoryTest" name="verifyProdTile" time="0.068"/>
  <system-out/>
</testsuite> <!-- com.swaglab.test.inventoryTest -->
