<?xml version="1.0" encoding="UTF-8"?>
<!-- Generated by org.testng.reporters.JUnitReportReporter -->
<testsuite hostname="DESKTOP-J0A5UGV" failures="0" tests="3" name="com.swaglab.test.loginTest" time="0.440" errors="0" timestamp="2024-02-10T19:53:28 IST" skipped="0">
  <testcase classname="com.swaglab.test.loginTest" name="verifyurl" time="0.018"/>
  <system-out/>
  <testcase classname="com.swaglab.test.loginTest" name="verifyLogin" time="0.405"/>
  <system-out/>
  <testcase classname="com.swaglab.test.loginTest" name="verifyTitle" time="0.017"/>
  <system-out/>
</testsuite> <!-- com.swaglab.test.loginTest -->
