<?xml version="1.0" encoding="UTF-8"?>
<!-- Generated by org.testng.reporters.JUnitReportReporter -->
<testsuite hostname="DESKTOP-J0A5UGV" failures="0" tests="2" name="com.swaglab.test.checkoutTest" time="0.517" errors="0" timestamp="2024-02-12T01:57:50 IST" skipped="0">
  <testcase classname="com.swaglab.test.checkoutTest" name="VerifycancelButn" time="0.102"/>
  <system-out/>
  <testcase classname="com.swaglab.test.checkoutTest" name="VerifyContinue" time="0.415"/>
  <system-out/>
</testsuite> <!-- com.swaglab.test.checkoutTest -->
